2021-11-08 10:50:42,345 [Worker-3: Loading available Gradle versions] INFO  o.e.b.c.i.u.g.PublishedGradleVersions - Gradle version information cache is not available. Remote download required.
2021-11-08 10:53:18,048 [Worker-0: Loading available Gradle versions] INFO  o.e.b.c.i.u.g.PublishedGradleVersions - Gradle version information cache is up-to-date. Trying to read.
2021-11-08 10:57:30,752 [Worker-0: Loading available Gradle versions] INFO  o.e.b.c.i.u.g.PublishedGradleVersions - Gradle version information cache is up-to-date. Trying to read.
2021-11-09 17:10:30,989 [Worker-3: Loading available Gradle versions] INFO  o.e.b.c.i.u.g.PublishedGradleVersions - Gradle version information cache is out-of-date. Trying to update.
2021-11-09 17:25:06,226 [Start Help Server] INFO  org.eclipse.jetty.server.Server - jetty-10.0.6; built: 2021-06-29T15:28:56.259Z; git: 37e7731b4b142a882d73974ff3bec78d621bd674; jvm 16.0.2+7-67
2021-11-09 17:25:06,261 [Start Help Server] INFO  o.e.j.s.s.DefaultSessionIdManager - Session workerName=node0
2021-11-09 17:25:06,302 [Start Help Server] INFO  o.e.j.server.handler.ContextHandler - Started o.e.j.s.ServletContextHandler@6a568f16{/help,null,AVAILABLE}
2021-11-09 17:25:06,317 [Start Help Server] INFO  o.e.jetty.server.AbstractConnector - Started ServerConnector@b99fac8{HTTP/1.1, (http/1.1)}{127.0.0.1:50197}
2021-11-09 17:25:06,319 [Start Help Server] INFO  org.eclipse.jetty.server.Server - Started Server@18e1d35b{STARTING}[10.0.6,sto=0] @911549ms
2021-11-09 17:38:01,275 [Stop Help Server] INFO  org.eclipse.jetty.server.Server - Stopped Server@18e1d35b{STOPPING}[10.0.6,sto=0]
2021-11-09 17:38:01,281 [Stop Help Server] INFO  o.e.jetty.server.AbstractConnector - Stopped ServerConnector@b99fac8{HTTP/1.1, (http/1.1)}{127.0.0.1:0}
2021-11-09 17:38:01,301 [Stop Help Server] INFO  o.e.j.server.handler.ContextHandler - Stopped o.e.j.s.ServletContextHandler@6a568f16{/help,null,STOPPED}
2021-11-09 22:28:12,200 [Worker-0: Loading available Gradle versions] INFO  o.e.b.c.i.u.g.PublishedGradleVersions - Gradle version information cache is up-to-date. Trying to read.
2021-11-09 23:15:42,759 [Worker-0: Loading available Gradle versions] INFO  o.e.b.c.i.u.g.PublishedGradleVersions - Gradle version information cache is up-to-date. Trying to read.
2021-11-09 23:20:20,732 [Start Help Server] INFO  org.eclipse.jetty.server.Server - jetty-10.0.6; built: 2021-06-29T15:28:56.259Z; git: 37e7731b4b142a882d73974ff3bec78d621bd674; jvm 16.0.2+7-67
2021-11-09 23:20:20,769 [Start Help Server] INFO  o.e.j.s.s.DefaultSessionIdManager - Session workerName=node0
2021-11-09 23:20:20,824 [Start Help Server] INFO  o.e.j.server.handler.ContextHandler - Started o.e.j.s.ServletContextHandler@6a6a68a6{/help,null,AVAILABLE}
2021-11-09 23:20:20,896 [Start Help Server] INFO  o.e.jetty.server.AbstractConnector - Started ServerConnector@609fbab7{HTTP/1.1, (http/1.1)}{127.0.0.1:56086}
2021-11-09 23:20:20,937 [Start Help Server] INFO  org.eclipse.jetty.server.Server - Started Server@281b413c{STARTING}[10.0.6,sto=0] @291369ms
2021-11-09 23:24:45,821 [Stop Help Server] INFO  org.eclipse.jetty.server.Server - Stopped Server@281b413c{STOPPING}[10.0.6,sto=0]
2021-11-09 23:24:45,828 [Stop Help Server] INFO  o.e.jetty.server.AbstractConnector - Stopped ServerConnector@609fbab7{HTTP/1.1, (http/1.1)}{127.0.0.1:0}
2021-11-09 23:24:45,841 [Stop Help Server] INFO  o.e.j.server.handler.ContextHandler - Stopped o.e.j.s.ServletContextHandler@6a6a68a6{/help,null,STOPPED}
2021-11-10 02:03:11,878 [Worker-0: Loading available Gradle versions] INFO  o.e.b.c.i.u.g.PublishedGradleVersions - Gradle version information cache is up-to-date. Trying to read.
2021-11-24 09:54:21,307 [Worker-0: Loading available Gradle versions] INFO  o.e.b.c.i.u.g.PublishedGradleVersions - Gradle version information cache is out-of-date. Trying to update.
2021-11-24 10:19:02,386 [Worker-0: Loading available Gradle versions] INFO  o.e.b.c.i.u.g.PublishedGradleVersions - Gradle version information cache is up-to-date. Trying to read.
2021-11-24 14:20:34,265 [Worker-11: Loading available Gradle versions] INFO  o.e.b.c.i.u.g.PublishedGradleVersions - Gradle version information cache is up-to-date. Trying to read.
2021-11-24 14:55:15,393 [Worker-6: Loading available Gradle versions] INFO  o.e.b.c.i.u.g.PublishedGradleVersions - Gradle version information cache is up-to-date. Trying to read.
2021-11-25 07:51:07,598 [Worker-16: Loading available Gradle versions] INFO  o.e.b.c.i.u.g.PublishedGradleVersions - Gradle version information cache is up-to-date. Trying to read.
2021-11-28 22:12:54,055 [Worker-8: Loading available Gradle versions] INFO  o.e.b.c.i.u.g.PublishedGradleVersions - Gradle version information cache is out-of-date. Trying to update.
2021-11-30 11:18:03,335 [Worker-19: Loading available Gradle versions] INFO  o.e.b.c.i.u.g.PublishedGradleVersions - Gradle version information cache is out-of-date. Trying to update.
